
> dompet-ai@0.0.0 dev
> vite --host 127.0.0.1 --port 5173 --strictPort


  [32m[1mVITE[22m v7.3.5[39m  [2mready in [0m[1m729[22m[2m[0m ms[22m

  [32m➜[39m  [1mLocal[22m:   [36mhttp://127.0.0.1:[1m5173[22m/[39m
[2m22.24.07[22m [36m[1m[vite][22m[39m [90m[2m(client)[22m[39m [32mhmr update [39m[2m/src/index.css[22m
[2m22.24.07[22m [36m[1m[vite][22m[39m [90m[2m(client)[22m[39m [32mhmr update [39m[2m/src/index.css, /src/pages/auth/Login.jsx[22m
[2m22.24.08[22m [36m[1m[vite][22m[39m [90m[2m(client)[22m[39m [32mhmr update [39m[2m/src/index.css, /src/pages/auth/Register.jsx[22m
[2m22.25.12[22m [36m[1m[vite][22m[39m [90m[2m(client)[22m[39m [32mhmr update [39m[2m/src/index.css[22m
[2m22.25.46[22m [36m[1m[vite][22m[39m [90m[2m(client)[22m[39m [32m✨ new dependencies optimized: [33m@supabase/supabase-js[32m[39m
[2m22.25.46[22m [36m[1m[vite][22m[39m [90m[2m(client)[22m[39m [32m✨ optimized dependencies changed. reloading[39m
[2m22.26.14[22m [36m[1m[vite][22m[39m [90m[2m(client)[22m[39m [32mhmr update [39m[2m/src/pages/auth/Login.jsx, /src/pages/auth/Register.jsx, /src/index.css[22m
[2m22.29.03[22m [36m[1m[vite][22m[39m [90m[2m(client)[22m[39m [32mhmr update [39m[2m/src/index.css, /src/pages/auth/Login.jsx, /src/pages/auth/Register.jsx[22m
[2m22.29.03[22m [36m[1m[vite][22m[39m [90m[2m(client)[22m[39m [32mhmr update [39m[2m/src/pages/auth/Login.jsx, /src/pages/auth/Register.jsx, /src/index.css[22m
[2m22.29.03[22m [36m[1m[vite][22m[39m [90m[2m(client)[22m[39m [32mhmr update [39m[2m/src/index.css, /src/pages/client/Transactions.jsx[22m
[2m22.33.44[22m [36m[1m[vite][22m[39m [90m[2m(client)[22m[39m [32mhmr update [39m[2m/src/index.css, /src/pages/client/Dashboard.jsx[22m
[2m22.36.15[22m [36m[1m[vite][22m[39m [90m[2m(client)[22m[39m [32mhmr update [39m[2m/src/index.css, /src/pages/client/Transactions.jsx[22m
[2m22.39.04[22m [36m[1m[vite][22m[39m [90m[2m(client)[22m[39m [32m✨ new dependencies optimized: [33mrecharts[32m[39m
[2m22.39.04[22m [36m[1m[vite][22m[39m [90m[2m(client)[22m[39m [32m✨ optimized dependencies changed. reloading[39m
[2m22.46.55[22m [36m[1m[vite][22m[39m [90m[2m(client)[22m[39m [32mhmr update [39m[2m/src/index.css, /src/pages/client/Transactions.jsx, /src/pages/client/Dashboard.jsx[22m
[2m22.46.55[22m [36m[1m[vite][22m[39m [90m[2m(client)[22m[39m [32mhmr update [39m[2m/src/index.css, /src/pages/client/ReceiptScan.jsx[22m
[2m22.47.10[22m [36m[1m[vite][22m[39m [90m[2m(client)[22m[39m [32mhmr update [39m[2m/src/index.css, /src/pages/client/Transactions.jsx, /src/pages/client/Dashboard.jsx, /src/pages/client/ReceiptScan.jsx[22m
[2m22.59.09[22m [36m[1m[vite][22m[39m [90m[2m(client)[22m[39m [32mhmr update [39m[2m/src/index.css, /src/pages/client/Transactions.jsx[22m
[2m22.59.09[22m [36m[1m[vite][22m[39m [90m[2m(client)[22m[39m [32mhmr update [39m[2m/src/index.css, /src/pages/client/Transactions.jsx[22m
[2m22.59.09[22m [36m[1m[vite][22m[39m [90m[2m(client)[22m[39m [32mhmr update [39m[2m/src/index.css, /src/pages/client/ReceiptScan.jsx[22m
[2m22.59.11[22m [36m[1m[vite][22m[39m [90m[2m(client)[22m[39m [32m✨ new dependencies optimized: [33mtesseract.js[32m[39m
[2m22.59.11[22m [36m[1m[vite][22m[39m [90m[2m(client)[22m[39m [32m✨ optimized dependencies changed. reloading[39m
[2m23.01.25[22m [36m[1m[vite][22m[39m [90m[2m(client)[22m[39m [32mhmr update [39m[2m/src/index.css, /src/pages/client/WhatsAppConnect.jsx[22m
[2m23.38.31[22m [36m[1m[vite][22m[39m [90m[2m(client)[22m[39m [32mhmr update [39m[2m/src/routes/AppRoutes.jsx, /src/index.css[22m
[2m23.38.31[22m [36m[1m[vite][22m[39m [90m[2m(client)[22m[39m [32mhmr update [39m[2m/src/index.css, /src/pages/admin/AdminDashboard.jsx[22m
[2m23.38.31[22m [36m[1m[vite][22m[39m [90m[2m(client)[22m[39m [32mhmr update [39m[2m/src/index.css, /src/pages/admin/AdminUsers.jsx[22m
[2m23.38.31[22m [36m[1m[vite][22m[39m [90m[2m(client)[22m[39m [32mhmr update [39m[2m/src/index.css, /src/pages/admin/AdminUsers.jsx[22m
[2m23.38.31[22m [36m[1m[vite][22m[39m [90m[2m(client)[22m[39m [32mhmr update [39m[2m/src/index.css, /src/pages/admin/AdminLogs.jsx[22m
[2m00.09.33[22m [36m[1m[vite][22m[39m [32m.env changed, restarting server...[39m
[2m00.09.34[22m [36m[1m[vite][22m[39m [90m[2m(client)[22m[39m [32mhmr update [39m[2m/src/index.css, /src/pages/auth/Login.jsx, /src/pages/auth/Register.jsx, /src/pages/client/Transactions.jsx, /src/pages/client/Dashboard.jsx, /src/pages/client/ReceiptScan.jsx, /src/pages/admin/AdminDashboard.jsx, /src/pages/admin/AdminLogs.jsx, /src/pages/admin/AdminUsers.jsx, /src/components/layout/AdminRoute.jsx, /src/pages/client/WhatsAppConnect.jsx[22m
[2m00.09.35[22m [36m[1m[vite][22m[39m server restarted.
[2m00.11.55[22m [36m[1m[vite][22m[39m [32m.env changed, restarting server...[39m
[2m00.11.55[22m [36m[1m[vite][22m[39m server restarted.
[2m00.15.16[22m [36m[1m[vite][22m[39m [32m.env changed, restarting server...[39m
[2m00.15.16[22m [36m[1m[vite][22m[39m server restarted.
[2m00.16.31[22m [36m[1m[vite][22m[39m [32m.env changed, restarting server...[39m
[2m00.16.31[22m [36m[1m[vite][22m[39m server restarted.
[2m00.18.28[22m [36m[1m[vite][22m[39m [90m[2m(client)[22m[39m [32mhmr update [39m[2m/src/index.css, /src/pages/admin/AdminUsers.jsx, /src/pages/admin/AdminLogs.jsx, /src/pages/admin/AdminDashboard.jsx, /src/pages/client/WhatsAppConnect.jsx, /src/components/layout/AdminRoute.jsx, /src/pages/auth/Register.jsx, /src/pages/auth/Login.jsx, /src/pages/client/ReceiptScan.jsx, /src/pages/client/Transactions.jsx, /src/pages/client/Dashboard.jsx[22m
[2m00.21.41[22m [36m[1m[vite][22m[39m [32m.env changed, restarting server...[39m
[2m00.21.41[22m [36m[1m[vite][22m[39m server restarted.
[2m00.24.20[22m [36m[1m[vite][22m[39m [90m[2m(client)[22m[39m [32mhmr update [39m[2m/src/index.css, /src/pages/auth/Register.jsx, /src/pages/auth/Login.jsx[22m
[2m00.24.20[22m [36m[1m[vite][22m[39m [90m[2m(client)[22m[39m [32mhmr update [39m[2m/src/index.css, /src/pages/auth/Login.jsx[22m
[2m00.24.20[22m [36m[1m[vite][22m[39m [90m[2m(client)[22m[39m [32mhmr update [39m[2m/src/index.css, /src/pages/auth/Register.jsx[22m
[2m00.55.20[22m [36m[1m[vite][22m[39m [90m[2m(client)[22m[39m [32mhmr update [39m[2m/src/index.css, /src/pages/auth/Register.jsx, /src/pages/auth/Login.jsx[22m
[2m00.55.20[22m [36m[1m[vite][22m[39m [90m[2m(client)[22m[39m [32mhmr update [39m[2m/src/index.css, /src/pages/auth/Login.jsx[22m
[2m00.55.31[22m [36m[1m[vite][22m[39m [90m[2m(client)[22m[39m [32mhmr update [39m[2m/src/index.css, /src/pages/auth/Register.jsx[22m
[2m01.36.17[22m [36m[1m[vite][22m[39m [90m[2m(client)[22m[39m [32mhmr update [39m[2m/src/index.css, /src/pages/client/ReceiptScan.jsx, /src/pages/client/Dashboard.jsx, /src/pages/client/Transactions.jsx[22m
[2m01.36.17[22m [36m[1m[vite][22m[39m [90m[2m(client)[22m[39m [32mhmr update [39m[2m/src/index.css, /src/pages/client/ReceiptScan.jsx, /src/pages/client/Dashboard.jsx, /src/pages/client/Transactions.jsx[22m
[2m01.36.58[22m [36m[1m[vite][22m[39m [90m[2m(client)[22m[39m [32mhmr update [39m[2m/src/index.css, /src/pages/client/Transactions.jsx[22m
[2m01.37.26[22m [36m[1m[vite][22m[39m [90m[2m(client)[22m[39m [32mhmr update [39m[2m/src/index.css, /src/pages/client/Transactions.jsx[22m
[2m01.46.08[22m [36m[1m[vite][22m[39m [90m[2m(client)[22m[39m [32mhmr update [39m[2m/src/index.css, /src/pages/client/Transactions.jsx[22m
[2m01.46.37[22m [36m[1m[vite][22m[39m [90m[2m(client)[22m[39m [32mhmr update [39m[2m/src/index.css, /src/pages/client/Transactions.jsx[22m
[2m01.48.00[22m [36m[1m[vite][22m[39m [90m[2m(client)[22m[39m [32mhmr update [39m[2m/src/index.css, /src/pages/client/Transactions.jsx[22m
[2m01.49.01[22m [36m[1m[vite][22m[39m [90m[2m(client)[22m[39m [32mhmr update [39m[2m/src/index.css, /src/pages/client/ReceiptScan.jsx, /src/pages/client/Dashboard.jsx, /src/pages/client/Transactions.jsx[22m
[2m01.49.02[22m [36m[1m[vite][22m[39m [90m[2m(client)[22m[39m [32mhmr update [39m[2m/src/index.css, /src/pages/client/Transactions.jsx[22m
[2m01.49.02[22m [36m[1m[vite][22m[39m [90m[2m(client)[22m[39m [32mhmr update [39m[2m/src/index.css, /src/pages/client/ReceiptScan.jsx, /src/pages/client/Transactions.jsx[22m
[2m01.49.02[22m [36m[1m[vite][22m[39m [90m[2m(client)[22m[39m [32mhmr update [39m[2m/src/index.css, /src/pages/client/Dashboard.jsx[22m
[2m01.49.02[22m [36m[1m[vite][22m[39m [90m[2m(client)[22m[39m [32mhmr update [39m[2m/src/index.css, /src/pages/client/ReceiptScan.jsx[22m
[2m01.49.59[22m [36m[1m[vite][22m[39m [90m[2m(client)[22m[39m [32mhmr update [39m[2m/src/index.css, /src/pages/client/ReceiptScan.jsx[22m
[2m01.55.42[22m [36m[1m[vite][22m[39m [90m[2m(client)[22m[39m [32mhmr update [39m[2m/src/index.css, /src/pages/client/Dashboard.jsx[22m
[2m02.07.43[22m [36m[1m[vite][22m[39m [90m[2m(client)[22m[39m [32mhmr update [39m[2m/src/index.css, /src/pages/client/Dashboard.jsx[22m
[2m02.15.57[22m [36m[1m[vite][22m[39m [90m[2m(client)[22m[39m [32mhmr update [39m[2m/src/index.css, /src/pages/client/ReceiptScan.jsx, /src/pages/client/Dashboard.jsx, /src/pages/client/Transactions.jsx[22m
[2m02.15.57[22m [36m[1m[vite][22m[39m [90m[2m(client)[22m[39m [32mhmr update [39m[2m/src/index.css, /src/pages/client/Reports.jsx[22m
[2m02.15.57[22m [36m[1m[vite][22m[39m [90m[2m(client)[22m[39m [32mhmr update [39m[2m/src/index.css, /src/pages/client/Reports.jsx[22m
[2m02.16.16[22m [36m[1m[vite][22m[39m [90m[2m(client)[22m[39m [32mhmr update [39m[2m/src/index.css, /src/pages/client/Reports.jsx[22m
[2m02.35.30[22m [36m[1m[vite][22m[39m [90m[2m(client)[22m[39m [32mhmr update [39m[2m/src/index.css, /src/pages/client/ReceiptScan.jsx, /src/pages/client/Dashboard.jsx, /src/pages/client/Transactions.jsx, /src/pages/client/Reports.jsx[22m
[2m02.35.30[22m [36m[1m[vite][22m[39m [90m[2m(client)[22m[39m [32mhmr update [39m[2m/src/index.css, /src/pages/client/ReceiptScan.jsx, /src/pages/client/Dashboard.jsx, /src/pages/client/Transactions.jsx, /src/pages/client/Reports.jsx[22m
[2m02.35.31[22m [36m[1m[vite][22m[39m [90m[2m(client)[22m[39m [32mhmr update [39m[2m/src/index.css, /src/pages/client/ReceiptScan.jsx[22m
[2m02.35.31[22m [36m[1m[vite][22m[39m [90m[2m(client)[22m[39m [32mhmr update [39m[2m/src/index.css, /src/pages/client/ReceiptScan.jsx[22m
[2m02.36.45[22m [36m[1m[vite][22m[39m [90m[2m(client)[22m[39m [32mhmr update [39m[2m/src/index.css, /src/pages/client/Dashboard.jsx, /src/pages/client/Transactions.jsx, /src/pages/client/Reports.jsx[22m
[2m03.02.28[22m [36m[1m[vite][22m[39m [90m[2m(client)[22m[39m [32mhmr update [39m[2m/src/index.css, /src/pages/client/ReceiptScan.jsx[22m
[2m03.02.28[22m [36m[1m[vite][22m[39m [90m[2m(client)[22m[39m [32mhmr update [39m[2m/src/index.css, /src/pages/client/ReceiptScan.jsx[22m
[2m03.03.56[22m [36m[1m[vite][22m[39m [90m[2m(client)[22m[39m [32mpage reload [39m[2msrc/lib/ocr.js[22m
[2m03.04.09[22m [36m[1m[vite][22m[39m [90m[2m(client)[22m[39m [32mpage reload [39m[2msrc/lib/ocr.js[22m
[2m03.06.43[22m [36m[1m[vite][22m[39m [90m[2m(client)[22m[39m [32mpage reload [39m[2msrc/lib/ocr.js[22m
[2m03.06.59[22m [36m[1m[vite][22m[39m [90m[2m(client)[22m[39m [32mhmr update [39m[2m/src/index.css, /src/pages/client/ReceiptScan.jsx[22m
[2m17.02.57[22m [36m[1m[vite][22m[39m [32m.env changed, restarting server...[39m
[2m17.02.57[22m [36m[1m[vite][22m[39m [32m.env changed, restarting server...[39m
[2m17.02.57[22m [36m[1m[vite][22m[39m server restarted.
[2m17.03.38[22m [36m[1m[vite][22m[39m [32m.env changed, restarting server...[39m
[2m17.03.38[22m [36m[1m[vite][22m[39m server restarted.
[2m17.52.40[22m [36m[1m[vite][22m[39m [90m[2m(client)[22m[39m [32mhmr update [39m[2m/src/index.css, /src/pages/client/ReceiptScan.jsx[22m
[2m18.40.58[22m [36m[1m[vite][22m[39m [90m[2m(client)[22m[39m [32mhmr update [39m[2m/src/index.css, /src/pages/client/ReceiptScan.jsx, /src/pages/client/Dashboard.jsx, /src/pages/client/Reports.jsx, /src/pages/client/Transactions.jsx[22m
[2m18.40.58[22m [36m[1m[vite][22m[39m [90m[2m(client)[22m[39m [32mhmr update [39m[2m/src/index.css, /src/pages/client/ReceiptScan.jsx, /src/pages/client/Dashboard.jsx, /src/pages/client/Reports.jsx, /src/pages/client/Transactions.jsx[22m
[2m18.41.14[22m [36m[1m[vite][22m[39m [90m[2m(client)[22m[39m [32mhmr update [39m[2m/src/index.css, /src/pages/client/Transactions.jsx[22m
[2m18.41.40[22m [36m[1m[vite][22m[39m [90m[2m(client)[22m[39m [32mhmr update [39m[2m/src/index.css, /src/pages/client/Transactions.jsx[22m
[2m18.41.58[22m [36m[1m[vite][22m[39m [90m[2m(client)[22m[39m [32mhmr update [39m[2m/src/index.css, /src/pages/client/Transactions.jsx[22m
[2m18.43.00[22m [36m[1m[vite][22m[39m [90m[2m(client)[22m[39m [32mhmr update [39m[2m/src/index.css, /src/pages/client/Transactions.jsx[22m
[2m18.43.13[22m [36m[1m[vite][22m[39m [90m[2m(client)[22m[39m [32mhmr update [39m[2m/src/index.css, /src/pages/client/Transactions.jsx[22m
[2m18.52.55[22m [36m[1m[vite][22m[39m [32m.env changed, restarting server...[39m
[2m18.52.55[22m [36m[1m[vite][22m[39m [32m.env changed, restarting server...[39m
[2m18.52.57[22m [36m[1m[vite][22m[39m server restarted.
[2m18.56.24[22m [36m[1m[vite][22m[39m [32m.env changed, restarting server...[39m
[2m18.56.24[22m [36m[1m[vite][22m[39m server restarted.
[2m19.06.03[22m [36m[1m[vite][22m[39m [32m.env changed, restarting server...[39m
[2m19.06.03[22m [36m[1m[vite][22m[39m [32m.env changed, restarting server...[39m
[2m19.06.03[22m [36m[1m[vite][22m[39m server restarted.
[2m19.44.19[22m [36m[1m[vite][22m[39m [32m.env changed, restarting server...[39m
[2m19.44.19[22m [36m[1m[vite][22m[39m [32m.env changed, restarting server...[39m
[2m19.44.19[22m [36m[1m[vite][22m[39m server restarted.
[2m20.40.56[22m [36m[1m[vite][22m[39m [32m.env changed, restarting server...[39m
[2m20.40.56[22m [36m[1m[vite][22m[39m [32m.env changed, restarting server...[39m
[2m20.40.57[22m [36m[1m[vite][22m[39m server restarted.
[2m21.18.51[22m [36m[1m[vite][22m[39m [32m.env changed, restarting server...[39m
[2m21.18.51[22m [36m[1m[vite][22m[39m [32m.env changed, restarting server...[39m
[2m21.18.51[22m [36m[1m[vite][22m[39m server restarted.
[2m21.20.57[22m [36m[1m[vite][22m[39m [32m.env changed, restarting server...[39m
[2m21.20.58[22m [36m[1m[vite][22m[39m server restarted.
[2m21.24.03[22m [36m[1m[vite][22m[39m [32m.env changed, restarting server...[39m
[2m21.24.03[22m [36m[1m[vite][22m[39m server restarted.
[2m21.29.25[22m [36m[1m[vite][22m[39m [32m.env changed, restarting server...[39m
[2m21.29.25[22m [36m[1m[vite][22m[39m server restarted.
[2m21.31.45[22m [36m[1m[vite][22m[39m [32m.env changed, restarting server...[39m
[2m21.31.45[22m [36m[1m[vite][22m[39m server restarted.
[2m21.49.11[22m [36m[1m[vite][22m[39m [90m[2m(client)[22m[39m [32mhmr update [39m[2m/src/index.css, /src/routes/AppRoutes.jsx[22m
[2m21.49.11[22m [36m[1m[vite][22m[39m [90m[2m(client)[22m[39m [32mhmr update [39m[2m/src/index.css, /src/components/layout/ClientLayout.jsx[22m
[2m22.13.54[22m [36m[1m[vite][22m[39m [90m[2m(client)[22m[39m [32mhmr update [39m[2m/src/index.css, /src/routes/AppRoutes.jsx[22m
[2m22.13.54[22m [36m[1m[vite][22m[39m [90m[2m(client)[22m[39m [32mhmr update [39m[2m/src/index.css, /src/components/layout/ClientLayout.jsx[22m
[2m22.23.35[22m [36m[1m[vite][22m[39m [90m[2m(client)[22m[39m [32mhmr update [39m[2m/src/index.css, /src/pages/client/Dashboard.jsx[22m
[2m22.41.05[22m [36m[1m[vite][22m[39m [90m[2m(client)[22m[39m [32mhmr update [39m[2m/src/index.css, /src/components/layout/AdminRoute.jsx, /src/pages/client/WhatsAppConnect.jsx[22m
[2m22.41.05[22m [36m[1m[vite][22m[39m [90m[2m(client)[22m[39m [32mhmr update [39m[2m/src/index.css, /src/components/layout/AdminRoute.jsx, /src/pages/client/WhatsAppConnect.jsx[22m
[2m22.41.05[22m [36m[1m[vite][22m[39m [90m[2m(client)[22m[39m [32mhmr update [39m[2m/src/index.css, /src/pages/client/WhatsAppConnect.jsx[22m
[2m23.15.09[22m [36m[1m[vite][22m[39m [90m[2m(client)[22m[39m [32mhmr update [39m[2m/src/index.css, /src/pages/client/WhatsAppConnect.jsx[22m
[2m23.48.40[22m [36m[1m[vite][22m[39m [90m[2m(client)[22m[39m [32mhmr update [39m[2m/src/index.css, /src/pages/client/Dashboard.jsx, /src/pages/client/ReceiptScan.jsx, /src/pages/client/Transactions.jsx, /src/pages/client/Reports.jsx, /src/pages/client/WhatsAppConnect.jsx[22m
[2m23.48.40[22m [36m[1m[vite][22m[39m [90m[2m(client)[22m[39m [32mhmr update [39m[2m/src/index.css, /src/pages/client/Dashboard.jsx, /src/pages/client/ReceiptScan.jsx, /src/pages/client/Transactions.jsx, /src/pages/client/Reports.jsx, /src/pages/client/WhatsAppConnect.jsx[22m
[2m23.49.18[22m [36m[1m[vite][22m[39m [90m[2m(client)[22m[39m [32mhmr update [39m[2m/src/index.css, /src/pages/client/WhatsAppConnect.jsx[22m
[2m00.03.52[22m [36m[1m[vite][22m[39m [90m[2m(client)[22m[39m [32mhmr update [39m[2m/src/index.css, /src/pages/client/WhatsAppConnect.jsx[22m
